MPASM  5.50                       MASODIK.ASM   11-5-2025  12:24:24         PAGE  1


LOC  OBJECT CODE     LINE SOURCE TEXT
  VALUE

Warning[205]: Found directive in column 1. (PROCESSOR)
                      00001 PROCESSOR 16f84
                      00002 #include "p16f84.inc"
                      00001         LIST
                      00002 
                      00003 ;==========================================================================
                      00004 ;  MPASM PIC16F84 processor include
                      00005 ; 
                      00006 ;  (c) Copyright 1999-2013 Microchip Technology, All rights reserved
                      00007 ;==========================================================================
                      00008 
                      00206         LIST
Warning[205]: Found directive in column 1. (__CONFIG)
2007   3FF1           00003 __CONFIG _XT_OSC & _WDT_OFF & _PWRTE_ON & _CP_OFF
                      00004 
Warning[205]: Found directive in column 1. (cblock)
                      00005 cblock 0x0C
  0000000C            00006         delayL
  0000000D            00007         delayM
  0000000E            00008         delayH
Warning[205]: Found directive in column 1. (ENDC)
                      00009 endc
                      00010 
Warning[205]: Found directive in column 1. (org)
0000                  00011 org 0x00
0000   2805           00012         goto Main
Warning[205]: Found directive in column 1. (org)
0004                  00013 org 0x04
0004   2805           00014         goto Main
                      00015 
0005                  00016 Main
0005   1683           00017         bsf STATUS, RP0
Message[302]: Register in operand not in bank 0.  Ensure that bank bits are correct.
0006   0186           00018         clrf TRISB
0007   1283           00019         bcf STATUS, RP0
0008                  00020 Loop1
0008   0186           00021         clrf PORTB
0009   2011           00022         call Delay600
Warning[207]: Found label after column 1. (Loop2)
000A                  00023         Loop2
Message[305]: Using default destination of 1 (file).
000A   0A86           00024                 incf PORTB
000B   2011           00025                 call Delay600
000C   3010           00026                 movlw d'16'
000D   0206           00027                 subwf PORTB, W
000E   1D03           00028                 btfss STATUS, Z
000F   280A           00029                 goto Loop2
0010   2808           00030         goto Loop1
                      00031 
0011                  00032 Delay600
0011   018C           00033         clrf delayL
0012   018D           00034         clrf delayM
0013   3003           00035         movlw d'3'
MPASM  5.50                       MASODIK.ASM   11-5-2025  12:24:24         PAGE  2


LOC  OBJECT CODE     LINE SOURCE TEXT
  VALUE

0014   008E           00036         movwf delayH
Warning[207]: Found label after column 1. (Label)
0015                  00037         Label
Message[305]: Using default destination of 1 (file).
0015   0B8C           00038                 decfsz delayL
0016   2815           00039                 goto Label
Message[305]: Using default destination of 1 (file).
0017   0B8D           00040                 decfsz delayM
0018   2815           00041                 goto Label
Message[305]: Using default destination of 1 (file).
0019   0B8E           00042                 decfsz delayH
001A   2815           00043                 goto Label
001B   0008           00044         return
Warning[205]: Found directive in column 1. (end)
                      00045 end
MPASM  5.50                       MASODIK.ASM   11-5-2025  12:24:24         PAGE  3


SYMBOL TABLE
  LABEL                             VALUE 

C                                 00000000
DC                                00000001
Delay600                          00000011
EEADR                             00000009
EECON1                            00000088
EECON2                            00000089
EEDATA                            00000008
EEIE                              00000006
EEIF                              00000004
F                                 00000001
FSR                               00000004
GIE                               00000007
INDF                              00000000
INTCON                            0000000B
INTE                              00000004
INTEDG                            00000006
INTF                              00000001
IRP                               00000007
Label                             00000015
Loop1                             00000008
Loop2                             0000000A
Main                              00000005
NOT_PD                            00000003
NOT_RBPU                          00000007
NOT_TO                            00000004
OPTION_REG                        00000081
PCL                               00000002
PCLATH                            0000000A
PORTA                             00000005
PORTB                             00000006
PS0                               00000000
PS1                               00000001
PS2                               00000002
PSA                               00000003
RA0                               00000000
RA1                               00000001
RA2                               00000002
RA3                               00000003
RA4                               00000004
RB0                               00000000
RB1                               00000001
RB2                               00000002
RB3                               00000003
RB4                               00000004
RB5                               00000005
RB6                               00000006
RB7                               00000007
RBIE                              00000003
RBIF                              00000000
RD                                00000000
RP0                               00000005
RP1                               00000006
STATUS                            00000003
MPASM  5.50                       MASODIK.ASM   11-5-2025  12:24:24         PAGE  4


SYMBOL TABLE
  LABEL                             VALUE 

T0CS                              00000005
T0IE                              00000005
T0IF                              00000002
T0SE                              00000004
TMR0                              00000001
TMR0IE                            00000005
TMR0IF                            00000002
TRISA                             00000085
TRISA0                            00000000
TRISA1                            00000001
TRISA2                            00000002
TRISA3                            00000003
TRISA4                            00000004
TRISB                             00000086
TRISB0                            00000000
TRISB1                            00000001
TRISB2                            00000002
TRISB3                            00000003
TRISB4                            00000004
TRISB5                            00000005
TRISB6                            00000006
TRISB7                            00000007
W                                 00000000
WR                                00000001
WREN                              00000002
WRERR                             00000003
Z                                 00000002
_CONFIG                           00002007
_CP_OFF                           00003FFF
_CP_ON                            0000000F
_FOSC_EXTRC                       00003FFF
_FOSC_HS                          00003FFE
_FOSC_LP                          00003FFC
_FOSC_XT                          00003FFD
_HS_OSC                           00003FFE
_IDLOC0                           00002000
_IDLOC1                           00002001
_IDLOC2                           00002002
_IDLOC3                           00002003
_LP_OSC                           00003FFC
_PWRTE_OFF                        00003FFF
_PWRTE_ON                         00003FF7
_RC_OSC                           00003FFF
_WDTE_OFF                         00003FFB
_WDTE_ON                          00003FFF
_WDT_OFF                          00003FFB
_WDT_ON                           00003FFF
_XT_OSC                           00003FFD
__16F84                           00000001
__DEBUG                           1
delayH                            0000000E
delayL                            0000000C
delayM                            0000000D
MPASM  5.50                       MASODIK.ASM   11-5-2025  12:24:24         PAGE  5


MEMORY USAGE MAP ('X' = Used,  '-' = Unused)


0000 : X---XXXXXXXXXXXX XXXXXXXXXXXX---- ---------------- ----------------
2000 : -------X-------- ---------------- ---------------- ----------------

All other memory blocks unused.

Program Memory Words Used:    25
Program Memory Words Free:   999


Errors   :     0
Warnings :     9 reported,     0 suppressed
Messages :     5 reported,     0 suppressed

